<?xml version="1.0" encoding="UTF-8"?>
<testng-results skipped="0" failed="1" total="10" passed="9">
  <reporter-output>
  </reporter-output>
  <suite name="Default suite" duration-ms="232" started-at="2017-12-02T18:38:16Z" finished-at="2017-12-02T18:38:16Z">
    <groups>
    </groups>
    <test name="Default test" duration-ms="232" started-at="2017-12-02T18:38:16Z" finished-at="2017-12-02T18:38:16Z">
      <class name="ConnectNTest">
        <test-method status="PASS" signature="testGameCount()[pri:0, instance:ConnectNTest@5034c75a]" name="testGameCount" duration-ms="85" started-at="2017-12-02T12:38:16Z" finished-at="2017-12-02T12:38:16Z">
          <reporter-output>
          </reporter-output>
        </test-method> <!-- testGameCount -->
        <test-method status="PASS" signature="testWinner()[pri:0, instance:ConnectNTest@5034c75a]" name="testWinner" duration-ms="8" started-at="2017-12-02T12:38:16Z" finished-at="2017-12-02T12:38:16Z">
          <reporter-output>
          </reporter-output>
        </test-method> <!-- testWinner -->
        <test-method status="PASS" signature="testConstructors()[pri:0, instance:ConnectNTest@5034c75a]" name="testConstructors" duration-ms="11" started-at="2017-12-02T12:38:16Z" finished-at="2017-12-02T12:38:16Z">
          <reporter-output>
          </reporter-output>
        </test-method> <!-- testConstructors -->
        <test-method status="PASS" signature="testEquals()[pri:0, instance:ConnectNTest@5034c75a]" name="testEquals" duration-ms="15" started-at="2017-12-02T12:38:16Z" finished-at="2017-12-02T12:38:16Z">
          <reporter-output>
          </reporter-output>
        </test-method> <!-- testEquals -->
        <test-method status="FAIL" signature="testGetAndSetBoard()[pri:0, instance:ConnectNTest@5034c75a]" name="testGetAndSetBoard" duration-ms="8" started-at="2017-12-02T12:38:16Z" finished-at="2017-12-02T12:38:16Z">
          <exception class="java.lang.AssertionError">
            <message>
              <![CDATA[Can't change dimensions afters start expected [false] but found [true]]]>
            </message>
            <full-stacktrace>
              <![CDATA[java.lang.AssertionError: Can't change dimensions afters start expected [false] but found [true]
	at org.testng.Assert.fail(Assert.java:94)
	at org.testng.Assert.failNotEquals(Assert.java:496)
	at org.testng.Assert.assertFalse(Assert.java:63)
	at ConnectNTest.testGetAndSetBoard(ConnectNTest.java:469)
	at sun.reflect.NativeMethodAccessorImpl.invoke0(Native Method)
	at sun.reflect.NativeMethodAccessorImpl.invoke(NativeMethodAccessorImpl.java:62)
	at sun.reflect.DelegatingMethodAccessorImpl.invoke(DelegatingMethodAccessorImpl.java:43)
	at java.lang.reflect.Method.invoke(Method.java:498)
	at org.testng.internal.MethodInvocationHelper.invokeMethod(MethodInvocationHelper.java:85)
	at org.testng.internal.InvokeMethodRunnable.runOne(InvokeMethodRunnable.java:54)
	at org.testng.internal.InvokeMethodRunnable.run(InvokeMethodRunnable.java:44)
	at java.util.concurrent.Executors$RunnableAdapter.call(Executors.java:511)
	at java.util.concurrent.FutureTask.run(FutureTask.java:266)
	at java.util.concurrent.ThreadPoolExecutor.runWorker(ThreadPoolExecutor.java:1149)
	at java.util.concurrent.ThreadPoolExecutor$Worker.run(ThreadPoolExecutor.java:624)
	at java.lang.Thread.run(Thread.java:748)
]]>
            </full-stacktrace>
          </exception> <!-- java.lang.AssertionError -->
          <reporter-output>
          </reporter-output>
        </test-method> <!-- testGetAndSetBoard -->
        <test-method status="PASS" signature="testGetAndSetHeight()[pri:0, instance:ConnectNTest@5034c75a]" name="testGetAndSetHeight" duration-ms="3" started-at="2017-12-02T12:38:16Z" finished-at="2017-12-02T12:38:16Z">
          <reporter-output>
          </reporter-output>
        </test-method> <!-- testGetAndSetHeight -->
        <test-method status="PASS" signature="testGetAndSetN()[pri:0, instance:ConnectNTest@5034c75a]" name="testGetAndSetN" duration-ms="4" started-at="2017-12-02T12:38:16Z" finished-at="2017-12-02T12:38:16Z">
          <reporter-output>
          </reporter-output>
        </test-method> <!-- testGetAndSetN -->
        <test-method status="PASS" signature="testGetAndSetWidth()[pri:0, instance:ConnectNTest@5034c75a]" name="testGetAndSetWidth" duration-ms="8" started-at="2017-12-02T12:38:16Z" finished-at="2017-12-02T12:38:16Z">
          <reporter-output>
          </reporter-output>
        </test-method> <!-- testGetAndSetWidth -->
        <test-method status="PASS" signature="testStaticMethods()[pri:0, instance:ConnectNTest@5034c75a]" name="testStaticMethods" duration-ms="6" started-at="2017-12-02T12:38:16Z" finished-at="2017-12-02T12:38:16Z">
          <reporter-output>
          </reporter-output>
        </test-method> <!-- testStaticMethods -->
        <test-method status="PASS" signature="testTitle()[pri:0, instance:ConnectNTest@5034c75a]" name="testTitle" duration-ms="8" started-at="2017-12-02T12:38:16Z" finished-at="2017-12-02T12:38:16Z">
          <reporter-output>
          </reporter-output>
        </test-method> <!-- testTitle -->
      </class> <!-- ConnectNTest -->
    </test> <!-- Default test -->
  </suite> <!-- Default suite -->
</testng-results>
