<?xml version="1.0" encoding="UTF-8"?>
<!-- Generated by org.testng.reporters.JUnitReportReporter -->
<testsuite hostname="Jasmines-MacBook.local" name="ConnectNTest" tests="10" failures="1" timestamp="2 Dec 2017 18:38:21 GMT" time="0.156" errors="0">
  <testcase name="testEquals" time="0.015" classname="ConnectNTest"/>
  <testcase name="testTitle" time="0.008" classname="ConnectNTest"/>
  <testcase name="testGameCount" time="0.085" classname="ConnectNTest"/>
  <testcase name="testStaticMethods" time="0.006" classname="ConnectNTest"/>
  <testcase name="testWinner" time="0.008" classname="ConnectNTest"/>
  <testcase name="testGetAndSetBoard" time="0.008" classname="ConnectNTest">
    <failure type="java.lang.AssertionError" message="Can&#039;t change dimensions afters start expected [false] but found [true]">
      <![CDATA[java.lang.AssertionError: Can't change dimensions afters start expected [false] but found [true]
	at org.testng.Assert.fail(Assert.java:94)
	at org.testng.Assert.failNotEquals(Assert.java:496)
	at org.testng.Assert.assertFalse(Assert.java:63)
	at ConnectNTest.testGetAndSetBoard(ConnectNTest.java:469)
	at sun.reflect.NativeMethodAccessorImpl.invoke0(Native Method)
	at sun.reflect.NativeMethodAccessorImpl.invoke(NativeMethodAccessorImpl.java:62)
	at sun.reflect.DelegatingMethodAccessorImpl.invoke(DelegatingMethodAccessorImpl.java:43)
	at java.lang.reflect.Method.invoke(Method.java:498)
	at org.testng.internal.MethodInvocationHelper.invokeMethod(MethodInvocationHelper.java:85)
	at org.testng.internal.InvokeMethodRunnable.runOne(InvokeMethodRunnable.java:54)
	at org.testng.internal.InvokeMethodRunnable.run(InvokeMethodRunnable.java:44)
	at java.util.concurrent.Executors$RunnableAdapter.call(Executors.java:511)
	at java.util.concurrent.FutureTask.run(FutureTask.java:266)
	at java.util.concurrent.ThreadPoolExecutor.runWorker(ThreadPoolExecutor.java:1149)
	at java.util.concurrent.ThreadPoolExecutor$Worker.run(ThreadPoolExecutor.java:624)
	at java.lang.Thread.run(Thread.java:748)
]]>
    </failure>
  </testcase> <!-- testGetAndSetBoard -->
  <testcase name="testGetAndSetN" time="0.004" classname="ConnectNTest"/>
  <testcase name="testGetAndSetHeight" time="0.003" classname="ConnectNTest"/>
  <testcase name="testGetAndSetWidth" time="0.008" classname="ConnectNTest"/>
  <testcase name="testConstructors" time="0.011" classname="ConnectNTest"/>
</testsuite> <!-- ConnectNTest -->
